PlayStore2/app/build/intermediates/manifest_merge_blame_file/debug/manifest-merger-blame-debug-report.txt
1<?xml version="1.0" encoding="utf-8"?>
2<manifest xmlns:android="http://schemas.android.com/apk/res/android"
3    package="com.example.newedtester"
4    android:versionCode="1"
5    android:versionName="1.0" >
6
7    <uses-sdk
7-->src\main\AndroidManifest.xml:7:5-47
8        android:minSdkVersion="14"
8-->src\main\AndroidManifest.xml:7:5-47
9        android:targetSdkVersion="21" />
9-->src\main\AndroidManifest.xml:7:15-44
10    <!-- Internet Permissions -->
11    <uses-permission android:name="android.permission.INTERNET" />
11-->src\main\AndroidManifest.xml:26:5-67
11-->src\main\AndroidManifest.xml:26:22-64
12    <uses-permission android:name="android.permission.SEND_SMS" />
12-->src\main\AndroidManifest.xml:27:3-64
12-->src\main\AndroidManifest.xml:27:20-62
13    <!-- Network State Permissions -->
14    <uses-permission android:name="android.permission.ACCESS_NETWORK_STATE" />
14-->src\main\AndroidManifest.xml:29:5-79
14-->src\main\AndroidManifest.xml:29:22-76
15    <uses-permission android:name="android.permission.READ_PHONE_STATE" />
15-->src\main\AndroidManifest.xml:30:1-71
15-->src\main\AndroidManifest.xml:30:18-68
16
17    <application
17-->src\main\AndroidManifest.xml:9:5-24:19
18        android:allowBackup="true"
18-->src\main\AndroidManifest.xml:10:9-35
19        android:debuggable="true"
20        android:icon="@drawable/ic_launcher"
20-->src\main\AndroidManifest.xml:11:9-45
21        android:label="@string/app_name"
21-->src\main\AndroidManifest.xml:12:9-41
22        android:theme="@android:style/Theme" >
22-->src\main\AndroidManifest.xml:13:9-45
23        <activity
23-->src\main\AndroidManifest.xml:14:9-22:20
24            android:name="com.example.newedtester.MainActivity"
24-->src\main\AndroidManifest.xml:15:13-41
25            android:label="@string/app_name" >
25-->src\main\AndroidManifest.xml:16:13-45
26            <intent-filter>
26-->src\main\AndroidManifest.xml:17:13-21:29
27                <action android:name="android.intent.action.MAIN" />
27-->src\main\AndroidManifest.xml:18:17-69
27-->src\main\AndroidManifest.xml:18:25-66
28
29                <category android:name="android.intent.category.LAUNCHER" />
29-->src\main\AndroidManifest.xml:20:17-77
29-->src\main\AndroidManifest.xml:20:27-74
30            </intent-filter>
31        </activity>
32        <activity
32-->[com.google.android.gms:play-services-base:10.2.0] AndroidManifest.xml:19:9-172
33            android:name="com.google.android.gms.common.api.GoogleApiActivity"
33-->[com.google.android.gms:play-services-base:10.2.0] AndroidManifest.xml:19:19-85
34            android:exported="false"
34-->[com.google.android.gms:play-services-base:10.2.0] AndroidManifest.xml:19:146-170
35            android:theme="@android:style/Theme.Translucent.NoTitleBar" />
35-->[com.google.android.gms:play-services-base:10.2.0] AndroidManifest.xml:19:86-145
36
37        <meta-data
37-->[com.google.android.gms:play-services-basement:10.2.0] AndroidManifest.xml:20:9-121
38            android:name="com.google.android.gms.version"
38-->[com.google.android.gms:play-services-basement:10.2.0] AndroidManifest.xml:20:20-65
39            android:value="@integer/google_play_services_version" />
39-->[com.google.android.gms:play-services-basement:10.2.0] AndroidManifest.xml:20:66-119
40    </application>
41
42</manifest>